Using pre-set license
Built from '2021.1/staging' branch; Version is '2021.1.26f1 (6f076387c01d) revision 7276387'; Using compiler version '192528614'; Build Type 'Release'
OS: 'Windows 10 Home; OS build 19043.1415; Version 2009; 64bit' Language: 'ja' Physical Memory: 8081 MB
BatchMode: 1, IsHumanControllingUs: 0, StartBugReporterOnCrash: 0, Is64bit: 1, IsPro: 0

COMMAND LINE ARGUMENTS:
C:\Program Files\Unity\Hub\Editor\2021.1.26f1\Editor\Unity.exe
-adb2
-batchMode
-noUpm
-name
AssetImportWorker0
-projectPath
C:/unity/0111_Final/0111/0110/1220
-logFile
Logs/AssetImportWorker0.log
-srvPort
59204
Successfully changed project path to: C:/unity/0111_Final/0111/0110/1220
C:/unity/0111_Final/0111/0110/1220
Using Asset Import Pipeline V2.
Refreshing native plugins compatible for Editor in 81.85 ms, found 2 plugins.
Preloading 0 native plugins for Editor in 0.00 ms.
Initialize engine version: 2021.1.26f1 (6f076387c01d)
[Subsystems] Discovering subsystems at path C:/Program Files/Unity/Hub/Editor/2021.1.26f1/Editor/Data/Resources/UnitySubsystems
[Subsystems] Discovering subsystems at path C:/unity/0111_Final/0111/0110/1220/Assets
GfxDevice: creating device client; threaded=0; jobified=0
Direct3D:
    Version:  Direct3D 11.0 [level 11.1]
    Renderer: NVIDIA GeForce GTX 1050 (ID=0x1c8d)
    Vendor:   NVIDIA
    VRAM:     1977 MB
    Driver:   27.21.14.5720
Initialize mono
Mono path[0] = 'C:/Program Files/Unity/Hub/Editor/2021.1.26f1/Editor/Data/Managed'
Mono path[1] = 'C:/Program Files/Unity/Hub/Editor/2021.1.26f1/Editor/Data/MonoBleedingEdge/lib/mono/unityjit'
Mono config path = 'C:/Program Files/Unity/Hub/Editor/2021.1.26f1/Editor/Data/MonoBleedingEdge/etc'
Using monoOptions --debugger-agent=transport=dt_socket,embedding=1,server=y,suspend=n,address=127.0.0.1:56524
Begin MonoManager ReloadAssembly
Registering precompiled unity dll's ...
Register platform support module: C:/Program Files/Unity/Hub/Editor/2021.1.26f1/Editor/Data/PlaybackEngines/WindowsStandaloneSupport/UnityEditor.WindowsStandalone.Extensions.dll
Registered in 0.002910 seconds.
Native extension for WindowsStandalone target not found
Refreshing native plugins compatible for Editor in 57.85 ms, found 2 plugins.
Preloading 0 native plugins for Editor in 0.00 ms.
Mono: successfully reloaded assembly
- Completed reload, in  1.425 seconds
Domain Reload Profiling:
	ReloadAssembly (1425ms)
		BeginReloadAssembly (104ms)
			ExecutionOrderSort (0ms)
			DisableScriptedObjects (0ms)
			BackupInstance (0ms)
			ReleaseScriptingObjects (0ms)
			CreateAndSetChildDomain (1ms)
		EndReloadAssembly (531ms)
			LoadAssemblies (102ms)
			RebuildTransferFunctionScriptingTraits (0ms)
			SetupTypeCache (194ms)
			ReleaseScriptCaches (0ms)
			RebuildScriptCaches (36ms)
			SetupLoadedEditorAssemblies (241ms)
				LogAssemblyErrors (0ms)
				InitializePlatformSupportModulesInManaged (7ms)
				SetLoadedEditorAssemblies (0ms)
				RefreshPlugins (58ms)
				BeforeProcessingInitializeOnLoad (1ms)
				ProcessInitializeOnLoadAttributes (140ms)
				ProcessInitializeOnLoadMethodAttributes (34ms)
				AfterProcessingInitializeOnLoad (0ms)
				EditorAssembliesLoaded (0ms)
			ExecutionOrderSort2 (0ms)
			AwakeInstancesAfterBackupRestoration (0ms)
Platform modules already initialized, skipping
Registering precompiled user dll's ...
Registered in 0.014900 seconds.
Begin MonoManager ReloadAssembly
Native extension for WindowsStandalone target not found
Refreshing native plugins compatible for Editor in 0.65 ms, found 2 plugins.
Preloading 0 native plugins for Editor in 0.00 ms.
Mono: successfully reloaded assembly
- Completed reload, in  1.405 seconds
Domain Reload Profiling:
	ReloadAssembly (1406ms)
		BeginReloadAssembly (210ms)
			ExecutionOrderSort (0ms)
			DisableScriptedObjects (5ms)
			BackupInstance (0ms)
			ReleaseScriptingObjects (0ms)
			CreateAndSetChildDomain (23ms)
		EndReloadAssembly (1120ms)
			LoadAssemblies (168ms)
			RebuildTransferFunctionScriptingTraits (0ms)
			SetupTypeCache (358ms)
			ReleaseScriptCaches (0ms)
			RebuildScriptCaches (56ms)
			SetupLoadedEditorAssemblies (465ms)
				LogAssemblyErrors (0ms)
				InitializePlatformSupportModulesInManaged (5ms)
				SetLoadedEditorAssemblies (0ms)
				RefreshPlugins (1ms)
				BeforeProcessingInitializeOnLoad (73ms)
				ProcessInitializeOnLoadAttributes (294ms)
				ProcessInitializeOnLoadMethodAttributes (83ms)
				AfterProcessingInitializeOnLoad (7ms)
				EditorAssembliesLoaded (0ms)
			ExecutionOrderSort2 (0ms)
			AwakeInstancesAfterBackupRestoration (8ms)
Platform modules already initialized, skipping
========================================================================
Worker process is ready to serve import requests
Launched and connected shader compiler UnityShaderCompiler.exe after 0.07 seconds
Refreshing native plugins compatible for Editor in 0.70 ms, found 2 plugins.
Preloading 0 native plugins for Editor in 0.00 ms.
Unloading 2164 Unused Serialized files (Serialized files now loaded: 0)
System memory in use before: 88.7 MB.
System memory in use after: 88.8 MB.

Unloading 58 unused Assets to reduce memory usage. Loaded Objects now: 2589.
Total: 8.346400 ms (FindLiveObjects: 0.259200 ms CreateObjectMapping: 0.085000 ms MarkObjects: 7.868200 ms  DeleteObjects: 0.132900 ms)

AssetImportParameters requested are different than current active one (requested -> active):
  custom:framework-win-MediaFoundation: 216162199b28c13a410421893ffa2e32 -> 
  custom:video-decoder-ogg-theora: a1e56fd34408186e4bbccfd4996cb3dc -> 
  custom:container-muxer-webm: aa71ff27fc2769a1b78a27578f13a17b -> 
  custom:container-demuxer-webm: 4f35f7cbe854078d1ac9338744f61a02 -> 
  custom:container-demuxer-ogg: 62fdf1f143b41e24485cea50d1cbac27 -> 
  custom:video-encoder-webm-vp8: eb34c28f22e8b96e1ab97ce403110664 -> 
  custom:video-codec-MediaFoundation-h265: 746d11721c4dcdbdad8f713fa42b33f4 -> 
  custom:video-decoder-webm-vp8: 9c59270c3fd7afecdb556c50c9e8de78 -> 
  custom:audio-decoder-ogg-vorbis: bf7c407c2cedff20999df2af8eb42d56 -> 
  custom:audio-encoder-webm-vorbis: bf7c407c2cedff20999df2af8eb42d56 -> 
========================================================================
Received Import Request.
  path: Assets/Scenes/Result.unity
  artifactKey: Guid(061f4c116d47bbb46a3d92f06f27d7c9) Importer(815301076,1909f56bfc062723c751e8b465ee728b)
Start importing Assets/Scenes/Result.unity using Guid(061f4c116d47bbb46a3d92f06f27d7c9) Importer(815301076,1909f56bfc062723c751e8b465ee728b)  -> (artifact id: '15cbe2c2565ecd247b8141b6b7de6488') in 0.026662 seconds 
========================================================================
Received Import Request.
  Time since last request: 41.503779 seconds.
  path: Assets/Scenes/GameOver.unity
  artifactKey: Guid(cf750f566c20a624e9264c8fcd4c78bc) Importer(815301076,1909f56bfc062723c751e8b465ee728b)
Start importing Assets/Scenes/GameOver.unity using Guid(cf750f566c20a624e9264c8fcd4c78bc) Importer(815301076,1909f56bfc062723c751e8b465ee728b)  -> (artifact id: '343fbc7c680958c046a0948b2b7ad765') in 0.013993 seconds 
========================================================================
Received Import Request.
  Time since last request: 51.261052 seconds.
  path: Assets/Scenes/SampleScene.unity
  artifactKey: Guid(2b201f8920eab1a45b964c7acf160a5a) Importer(815301076,1909f56bfc062723c751e8b465ee728b)
Start importing Assets/Scenes/SampleScene.unity using Guid(2b201f8920eab1a45b964c7acf160a5a) Importer(815301076,1909f56bfc062723c751e8b465ee728b)  -> (artifact id: '9f0132c2b129c271dde8d2d7bafce983') in 0.026191 seconds 
========================================================================
Received Import Request.
  Time since last request: 15.665918 seconds.
  path: Assets/Boss/BossFolder/Boss.prefab
  artifactKey: Guid(d0fd55bb9e6ca5b41a420bb90cea6fa5) Importer(815301076,1909f56bfc062723c751e8b465ee728b)
Start importing Assets/Boss/BossFolder/Boss.prefab using Guid(d0fd55bb9e6ca5b41a420bb90cea6fa5) Importer(815301076,1909f56bfc062723c751e8b465ee728b)  -> (artifact id: 'ef750a173000c146bd8443ebfab53850') in 0.410157 seconds 
========================================================================
Received Import Request.
  Time since last request: 176.540886 seconds.
  path: Assets/Enemy/FlyFolder/ChaisePatapata.cs
  artifactKey: Guid(35d2c9e1c8a97bf4dad393537d581ba6) Importer(815301076,1909f56bfc062723c751e8b465ee728b)
Start importing Assets/Enemy/FlyFolder/ChaisePatapata.cs using Guid(35d2c9e1c8a97bf4dad393537d581ba6) Importer(815301076,1909f56bfc062723c751e8b465ee728b)  -> (artifact id: '3cc6b7f01d4318f1da4ce530a928c3ff') in 0.019077 seconds 
========================================================================
Received Import Request.
  Time since last request: 55.343729 seconds.
  path: Assets/Enemy/FlyFolder/ChaisePatapata.cs
  artifactKey: Guid(35d2c9e1c8a97bf4dad393537d581ba6) Importer(815301076,1909f56bfc062723c751e8b465ee728b)
Start importing Assets/Enemy/FlyFolder/ChaisePatapata.cs using Guid(35d2c9e1c8a97bf4dad393537d581ba6) Importer(815301076,1909f56bfc062723c751e8b465ee728b)  -> (artifact id: '1d601e0997094a9be52ae4ff7f1cbbd9') in 0.007686 seconds 
========================================================================
Received Prepare
Registering precompiled user dll's ...
Registered in 0.030752 seconds.
Begin MonoManager ReloadAssembly
Native extension for WindowsStandalone target not found
Refreshing native plugins compatible for Editor in 0.68 ms, found 2 plugins.
Preloading 0 native plugins for Editor in 0.00 ms.
Mono: successfully reloaded assembly
- Completed reload, in  1.524 seconds
Domain Reload Profiling:
	ReloadAssembly (1526ms)
		BeginReloadAssembly (208ms)
			ExecutionOrderSort (0ms)
			DisableScriptedObjects (7ms)
			BackupInstance (0ms)
			ReleaseScriptingObjects (0ms)
			CreateAndSetChildDomain (51ms)
		EndReloadAssembly (1233ms)
			LoadAssemblies (196ms)
			RebuildTransferFunctionScriptingTraits (0ms)
			SetupTypeCache (390ms)
			ReleaseScriptCaches (1ms)
			RebuildScriptCaches (49ms)
			SetupLoadedEditorAssemblies (518ms)
				LogAssemblyErrors (0ms)
				InitializePlatformSupportModulesInManaged (6ms)
				SetLoadedEditorAssemblies (0ms)
				RefreshPlugins (1ms)
				BeforeProcessingInitializeOnLoad (69ms)
				ProcessInitializeOnLoadAttributes (333ms)
				ProcessInitializeOnLoadMethodAttributes (98ms)
				AfterProcessingInitializeOnLoad (10ms)
				EditorAssembliesLoaded (0ms)
			ExecutionOrderSort2 (0ms)
			AwakeInstancesAfterBackupRestoration (9ms)
Platform modules already initialized, skipping
Refreshing native plugins compatible for Editor in 0.89 ms, found 2 plugins.
Preloading 0 native plugins for Editor in 0.00 ms.
Unloading 2158 Unused Serialized files (Serialized files now loaded: 0)
System memory in use before: 104.9 MB.
System memory in use after: 105.0 MB.

Unloading 51 unused Assets to reduce memory usage. Loaded Objects now: 2601.
Total: 11.728400 ms (FindLiveObjects: 0.261100 ms CreateObjectMapping: 0.090000 ms MarkObjects: 11.262900 ms  DeleteObjects: 0.111800 ms)

AssetImportParameters requested are different than current active one (requested -> active):
  custom:framework-win-MediaFoundation: 216162199b28c13a410421893ffa2e32 -> 
  custom:video-decoder-ogg-theora: a1e56fd34408186e4bbccfd4996cb3dc -> 
  custom:container-muxer-webm: aa71ff27fc2769a1b78a27578f13a17b -> 
  custom:container-demuxer-webm: 4f35f7cbe854078d1ac9338744f61a02 -> 
  custom:container-demuxer-ogg: 62fdf1f143b41e24485cea50d1cbac27 -> 
  custom:video-encoder-webm-vp8: eb34c28f22e8b96e1ab97ce403110664 -> 
  custom:video-codec-MediaFoundation-h265: 746d11721c4dcdbdad8f713fa42b33f4 -> 
  custom:video-decoder-webm-vp8: 9c59270c3fd7afecdb556c50c9e8de78 -> 
  custom:audio-decoder-ogg-vorbis: bf7c407c2cedff20999df2af8eb42d56 -> 
  custom:audio-encoder-webm-vorbis: bf7c407c2cedff20999df2af8eb42d56 -> 
========================================================================
Received Import Request.
  Time since last request: 63.335347 seconds.
  path: Assets/Enemy/FlyFolder/Chaseringo.prefab
  artifactKey: Guid(1ddebd11f6db9784a99c6ba5bfebce84) Importer(815301076,1909f56bfc062723c751e8b465ee728b)
Start importing Assets/Enemy/FlyFolder/Chaseringo.prefab using Guid(1ddebd11f6db9784a99c6ba5bfebce84) Importer(815301076,1909f56bfc062723c751e8b465ee728b)  -> (artifact id: 'b45a419d22fa8c315a91d7593da06314') in 0.196978 seconds 
========================================================================
Received Import Request.
  Time since last request: 0.000299 seconds.
  path: Assets/Enemy/EnemyMap.prefab
  artifactKey: Guid(4e1d398412404fa439dde5285ec943db) Importer(815301076,1909f56bfc062723c751e8b465ee728b)
Start importing Assets/Enemy/EnemyMap.prefab using Guid(4e1d398412404fa439dde5285ec943db) Importer(815301076,1909f56bfc062723c751e8b465ee728b)  -> (artifact id: '3d5d295f3e54242b4fcd9314cf183a3e') in 0.214353 seconds 
========================================================================
Received Import Request.
  Time since last request: 4.769712 seconds.
  path: Assets/Enemy/WalkFolder/StopEnemyScript.cs
  artifactKey: Guid(f1e0b86372dc8194586be25f3d647bf6) Importer(815301076,1909f56bfc062723c751e8b465ee728b)
Start importing Assets/Enemy/WalkFolder/StopEnemyScript.cs using Guid(f1e0b86372dc8194586be25f3d647bf6) Importer(815301076,1909f56bfc062723c751e8b465ee728b)  -> (artifact id: '45c46675844d3a386ab546eae7987f76') in 0.014958 seconds 
========================================================================
Received Import Request.
  Time since last request: 24.039245 seconds.
  path: Assets/Enemy/WalkFolder/StopEnemyScript.cs
  artifactKey: Guid(f1e0b86372dc8194586be25f3d647bf6) Importer(815301076,1909f56bfc062723c751e8b465ee728b)
Start importing Assets/Enemy/WalkFolder/StopEnemyScript.cs using Guid(f1e0b86372dc8194586be25f3d647bf6) Importer(815301076,1909f56bfc062723c751e8b465ee728b)  -> (artifact id: '07ca003e4045566f5f300aeb4f1a503e') in 0.012074 seconds 
========================================================================
Received Prepare
Registering precompiled user dll's ...
Registered in 0.026083 seconds.
Begin MonoManager ReloadAssembly
Native extension for WindowsStandalone target not found
Refreshing native plugins compatible for Editor in 0.79 ms, found 2 plugins.
Preloading 0 native plugins for Editor in 0.00 ms.
Mono: successfully reloaded assembly
- Completed reload, in  2.114 seconds
Domain Reload Profiling:
	ReloadAssembly (2114ms)
		BeginReloadAssembly (203ms)
			ExecutionOrderSort (0ms)
			DisableScriptedObjects (7ms)
			BackupInstance (0ms)
			ReleaseScriptingObjects (0ms)
			CreateAndSetChildDomain (47ms)
		EndReloadAssembly (1823ms)
			LoadAssemblies (226ms)
			RebuildTransferFunctionScriptingTraits (0ms)
			SetupTypeCache (508ms)
			ReleaseScriptCaches (1ms)
			RebuildScriptCaches (64ms)
			SetupLoadedEditorAssemblies (906ms)
				LogAssemblyErrors (0ms)
				InitializePlatformSupportModulesInManaged (6ms)
				SetLoadedEditorAssemblies (0ms)
				RefreshPlugins (1ms)
				BeforeProcessingInitializeOnLoad (73ms)
				ProcessInitializeOnLoadAttributes (708ms)
				ProcessInitializeOnLoadMethodAttributes (106ms)
				AfterProcessingInitializeOnLoad (12ms)
				EditorAssembliesLoaded (0ms)
			ExecutionOrderSort2 (0ms)
			AwakeInstancesAfterBackupRestoration (13ms)
Platform modules already initialized, skipping
Refreshing native plugins compatible for Editor in 0.79 ms, found 2 plugins.
Preloading 0 native plugins for Editor in 0.00 ms.
Unloading 2158 Unused Serialized files (Serialized files now loaded: 0)
System memory in use before: 105.3 MB.
System memory in use after: 105.4 MB.

Unloading 51 unused Assets to reduce memory usage. Loaded Objects now: 2604.
Total: 7.169700 ms (FindLiveObjects: 0.322300 ms CreateObjectMapping: 0.136000 ms MarkObjects: 6.671500 ms  DeleteObjects: 0.037900 ms)

AssetImportParameters requested are different than current active one (requested -> active):
  custom:framework-win-MediaFoundation: 216162199b28c13a410421893ffa2e32 -> 
  custom:video-decoder-ogg-theora: a1e56fd34408186e4bbccfd4996cb3dc -> 
  custom:container-muxer-webm: aa71ff27fc2769a1b78a27578f13a17b -> 
  custom:container-demuxer-webm: 4f35f7cbe854078d1ac9338744f61a02 -> 
  custom:container-demuxer-ogg: 62fdf1f143b41e24485cea50d1cbac27 -> 
  custom:video-encoder-webm-vp8: eb34c28f22e8b96e1ab97ce403110664 -> 
  custom:video-codec-MediaFoundation-h265: 746d11721c4dcdbdad8f713fa42b33f4 -> 
  custom:video-decoder-webm-vp8: 9c59270c3fd7afecdb556c50c9e8de78 -> 
  custom:audio-decoder-ogg-vorbis: bf7c407c2cedff20999df2af8eb42d56 -> 
  custom:audio-encoder-webm-vorbis: bf7c407c2cedff20999df2af8eb42d56 -> 
========================================================================
Received Import Request.
  Time since last request: 34.088723 seconds.
  path: Assets/Enemy/WalkFolder/StopEnemy.prefab
  artifactKey: Guid(2b102d6a0a2402a4785b36b9e940375f) Importer(815301076,1909f56bfc062723c751e8b465ee728b)
Start importing Assets/Enemy/WalkFolder/StopEnemy.prefab using Guid(2b102d6a0a2402a4785b36b9e940375f) Importer(815301076,1909f56bfc062723c751e8b465ee728b)  -> (artifact id: '3780160f89481d7c44ea0c0a6331a844') in 0.200155 seconds 
========================================================================
Received Import Request.
  Time since last request: 9.133062 seconds.
  path: Assets/Enemy/EnemyMap.prefab
  artifactKey: Guid(4e1d398412404fa439dde5285ec943db) Importer(815301076,1909f56bfc062723c751e8b465ee728b)
Start importing Assets/Enemy/EnemyMap.prefab using Guid(4e1d398412404fa439dde5285ec943db) Importer(815301076,1909f56bfc062723c751e8b465ee728b)  -> (artifact id: '95cb32fbc91e5852c518f7205968b902') in 0.198051 seconds 
========================================================================
Received Import Request.
  Time since last request: 3.451632 seconds.
  path: Assets/Enemy/ShootFolder/syageki.prefab
  artifactKey: Guid(7c7dee39fd1258842a21e2a475f1e085) Importer(815301076,1909f56bfc062723c751e8b465ee728b)
Start importing Assets/Enemy/ShootFolder/syageki.prefab using Guid(7c7dee39fd1258842a21e2a475f1e085) Importer(815301076,1909f56bfc062723c751e8b465ee728b)  -> (artifact id: '139b5d7b1f5550cb3df5362441af6858') in 0.106070 seconds 
========================================================================
Received Import Request.
  Time since last request: 1.326308 seconds.
  path: Assets/Enemy/ShootFolder/HunmerScript.cs
  artifactKey: Guid(0603e457aa72b0b4b86ebd8b6a1892b3) Importer(815301076,1909f56bfc062723c751e8b465ee728b)
Start importing Assets/Enemy/ShootFolder/HunmerScript.cs using Guid(0603e457aa72b0b4b86ebd8b6a1892b3) Importer(815301076,1909f56bfc062723c751e8b465ee728b)  -> (artifact id: '753b1f8e37afec1edccf8f933f040647') in 0.009265 seconds 
========================================================================
Received Import Request.
  Time since last request: 16.058850 seconds.
  path: Assets/Enemy/ShootFolder/HunmerScript.cs
  artifactKey: Guid(0603e457aa72b0b4b86ebd8b6a1892b3) Importer(815301076,1909f56bfc062723c751e8b465ee728b)
Start importing Assets/Enemy/ShootFolder/HunmerScript.cs using Guid(0603e457aa72b0b4b86ebd8b6a1892b3) Importer(815301076,1909f56bfc062723c751e8b465ee728b)  -> (artifact id: '15a9079a49a4c5822eedbfa5a76577e1') in 0.015696 seconds 
========================================================================
Received Import Request.
  Time since last request: 34.645885 seconds.
  path: Assets/Enemy/ShootFolder/HunmerScript.cs
  artifactKey: Guid(0603e457aa72b0b4b86ebd8b6a1892b3) Importer(815301076,1909f56bfc062723c751e8b465ee728b)
Start importing Assets/Enemy/ShootFolder/HunmerScript.cs using Guid(0603e457aa72b0b4b86ebd8b6a1892b3) Importer(815301076,1909f56bfc062723c751e8b465ee728b)  -> (artifact id: '8df8bf0b4a30d00150716968a1ab072f') in 0.019967 seconds 
========================================================================
Received Prepare
Registering precompiled user dll's ...
Registered in 0.018671 seconds.
Begin MonoManager ReloadAssembly
Native extension for WindowsStandalone target not found
Refreshing native plugins compatible for Editor in 0.95 ms, found 2 plugins.
Preloading 0 native plugins for Editor in 0.00 ms.
Mono: successfully reloaded assembly
- Completed reload, in  1.654 seconds
Domain Reload Profiling:
	ReloadAssembly (1654ms)
		BeginReloadAssembly (244ms)
			ExecutionOrderSort (0ms)
			DisableScriptedObjects (7ms)
			BackupInstance (0ms)
			ReleaseScriptingObjects (0ms)
			CreateAndSetChildDomain (80ms)
		EndReloadAssembly (1336ms)
			LoadAssemblies (180ms)
			RebuildTransferFunctionScriptingTraits (0ms)
			SetupTypeCache (421ms)
			ReleaseScriptCaches (1ms)
			RebuildScriptCaches (57ms)
			SetupLoadedEditorAssemblies (572ms)
				LogAssemblyErrors (0ms)
				InitializePlatformSupportModulesInManaged (6ms)
				SetLoadedEditorAssemblies (0ms)
				RefreshPlugins (1ms)
				BeforeProcessingInitializeOnLoad (77ms)
				ProcessInitializeOnLoadAttributes (382ms)
				ProcessInitializeOnLoadMethodAttributes (96ms)
				AfterProcessingInitializeOnLoad (8ms)
				EditorAssembliesLoaded (0ms)
			ExecutionOrderSort2 (0ms)
			AwakeInstancesAfterBackupRestoration (13ms)
Platform modules already initialized, skipping
Refreshing native plugins compatible for Editor in 0.85 ms, found 2 plugins.
Preloading 0 native plugins for Editor in 0.00 ms.
Unloading 2158 Unused Serialized files (Serialized files now loaded: 0)
System memory in use before: 105.5 MB.
System memory in use after: 105.6 MB.

Unloading 51 unused Assets to reduce memory usage. Loaded Objects now: 2607.
Total: 8.318400 ms (FindLiveObjects: 0.170900 ms CreateObjectMapping: 0.084200 ms MarkObjects: 7.962700 ms  DeleteObjects: 0.099200 ms)

AssetImportParameters requested are different than current active one (requested -> active):
  custom:framework-win-MediaFoundation: 216162199b28c13a410421893ffa2e32 -> 
  custom:video-decoder-ogg-theora: a1e56fd34408186e4bbccfd4996cb3dc -> 
  custom:container-muxer-webm: aa71ff27fc2769a1b78a27578f13a17b -> 
  custom:container-demuxer-webm: 4f35f7cbe854078d1ac9338744f61a02 -> 
  custom:container-demuxer-ogg: 62fdf1f143b41e24485cea50d1cbac27 -> 
  custom:video-encoder-webm-vp8: eb34c28f22e8b96e1ab97ce403110664 -> 
  custom:video-codec-MediaFoundation-h265: 746d11721c4dcdbdad8f713fa42b33f4 -> 
  custom:video-decoder-webm-vp8: 9c59270c3fd7afecdb556c50c9e8de78 -> 
  custom:audio-decoder-ogg-vorbis: bf7c407c2cedff20999df2af8eb42d56 -> 
  custom:audio-encoder-webm-vorbis: bf7c407c2cedff20999df2af8eb42d56 -> 
========================================================================
Received Import Request.
  Time since last request: 66.631148 seconds.
  path: Assets/Enemy/WalkFolder/NewwalkScript.cs
  artifactKey: Guid(af01f5e99d8456c46baabbcaf0d838ec) Importer(815301076,1909f56bfc062723c751e8b465ee728b)
Start importing Assets/Enemy/WalkFolder/NewwalkScript.cs using Guid(af01f5e99d8456c46baabbcaf0d838ec) Importer(815301076,1909f56bfc062723c751e8b465ee728b)  -> (artifact id: '1be03a92660e289c92e91de44f17c14d') in 0.015415 seconds 
========================================================================
Received Prepare
Registering precompiled user dll's ...
Registered in 0.019939 seconds.
Begin MonoManager ReloadAssembly
Native extension for WindowsStandalone target not found
Refreshing native plugins compatible for Editor in 1.02 ms, found 2 plugins.
Preloading 0 native plugins for Editor in 0.00 ms.
Mono: successfully reloaded assembly
- Completed reload, in  1.505 seconds
Domain Reload Profiling:
	ReloadAssembly (1505ms)
		BeginReloadAssembly (256ms)
			ExecutionOrderSort (0ms)
			DisableScriptedObjects (7ms)
			BackupInstance (0ms)
			ReleaseScriptingObjects (0ms)
			CreateAndSetChildDomain (78ms)
		EndReloadAssembly (1173ms)
			LoadAssemblies (185ms)
			RebuildTransferFunctionScriptingTraits (0ms)
			SetupTypeCache (381ms)
			ReleaseScriptCaches (1ms)
			RebuildScriptCaches (47ms)
			SetupLoadedEditorAssemblies (467ms)
				LogAssemblyErrors (0ms)
				InitializePlatformSupportModulesInManaged (8ms)
				SetLoadedEditorAssemblies (1ms)
				RefreshPlugins (1ms)
				BeforeProcessingInitializeOnLoad (65ms)
				ProcessInitializeOnLoadAttributes (291ms)
				ProcessInitializeOnLoadMethodAttributes (93ms)
				AfterProcessingInitializeOnLoad (8ms)
				EditorAssembliesLoaded (0ms)
			ExecutionOrderSort2 (0ms)
			AwakeInstancesAfterBackupRestoration (13ms)
Platform modules already initialized, skipping
Refreshing native plugins compatible for Editor in 1.20 ms, found 2 plugins.
Preloading 0 native plugins for Editor in 0.00 ms.
Unloading 2158 Unused Serialized files (Serialized files now loaded: 0)
System memory in use before: 105.5 MB.
System memory in use after: 105.6 MB.

Unloading 49 unused Assets to reduce memory usage. Loaded Objects now: 2609.
Total: 12.797500 ms (FindLiveObjects: 0.179500 ms CreateObjectMapping: 0.073100 ms MarkObjects: 12.510000 ms  DeleteObjects: 0.033700 ms)

AssetImportParameters requested are different than current active one (requested -> active):
  custom:framework-win-MediaFoundation: 216162199b28c13a410421893ffa2e32 -> 
  custom:video-decoder-ogg-theora: a1e56fd34408186e4bbccfd4996cb3dc -> 
  custom:container-muxer-webm: aa71ff27fc2769a1b78a27578f13a17b -> 
  custom:container-demuxer-webm: 4f35f7cbe854078d1ac9338744f61a02 -> 
  custom:container-demuxer-ogg: 62fdf1f143b41e24485cea50d1cbac27 -> 
  custom:video-encoder-webm-vp8: eb34c28f22e8b96e1ab97ce403110664 -> 
  custom:video-codec-MediaFoundation-h265: 746d11721c4dcdbdad8f713fa42b33f4 -> 
  custom:video-decoder-webm-vp8: 9c59270c3fd7afecdb556c50c9e8de78 -> 
  custom:audio-decoder-ogg-vorbis: bf7c407c2cedff20999df2af8eb42d56 -> 
  custom:audio-encoder-webm-vorbis: bf7c407c2cedff20999df2af8eb42d56 -> 
========================================================================
Received Import Request.
  Time since last request: 78.440331 seconds.
  path: Assets/Enemy/FlyFolder/PataPataScript.cs
  artifactKey: Guid(bdf2f394abf75a74cb8308f235ce8073) Importer(815301076,1909f56bfc062723c751e8b465ee728b)
Start importing Assets/Enemy/FlyFolder/PataPataScript.cs using Guid(bdf2f394abf75a74cb8308f235ce8073) Importer(815301076,1909f56bfc062723c751e8b465ee728b)  -> (artifact id: 'f037078fd5d13c215903ea74126c436f') in 0.013424 seconds 
========================================================================
Received Import Request.
  Time since last request: 21.020232 seconds.
  path: Assets/Enemy/FlyFolder/PataPataScript.cs
  artifactKey: Guid(bdf2f394abf75a74cb8308f235ce8073) Importer(815301076,1909f56bfc062723c751e8b465ee728b)
Start importing Assets/Enemy/FlyFolder/PataPataScript.cs using Guid(bdf2f394abf75a74cb8308f235ce8073) Importer(815301076,1909f56bfc062723c751e8b465ee728b)  -> (artifact id: 'ec7ddd81abe88a56e24d497850da8643') in 0.015052 seconds 
========================================================================
Received Prepare
Registering precompiled user dll's ...
Registered in 0.021445 seconds.
Begin MonoManager ReloadAssembly
Native extension for WindowsStandalone target not found
Refreshing native plugins compatible for Editor in 0.84 ms, found 2 plugins.
Preloading 0 native plugins for Editor in 0.00 ms.
Mono: successfully reloaded assembly
- Completed reload, in  1.594 seconds
Domain Reload Profiling:
	ReloadAssembly (1595ms)
		BeginReloadAssembly (256ms)
			ExecutionOrderSort (0ms)
			DisableScriptedObjects (22ms)
			BackupInstance (0ms)
			ReleaseScriptingObjects (0ms)
			CreateAndSetChildDomain (79ms)
		EndReloadAssembly (1258ms)
			LoadAssemblies (177ms)
			RebuildTransferFunctionScriptingTraits (0ms)
			SetupTypeCache (408ms)
			ReleaseScriptCaches (1ms)
			RebuildScriptCaches (50ms)
			SetupLoadedEditorAssemblies (527ms)
				LogAssemblyErrors (0ms)
				InitializePlatformSupportModulesInManaged (6ms)
				SetLoadedEditorAssemblies (0ms)
				RefreshPlugins (1ms)
				BeforeProcessingInitializeOnLoad (68ms)
				ProcessInitializeOnLoadAttributes (341ms)
				ProcessInitializeOnLoadMethodAttributes (102ms)
				AfterProcessingInitializeOnLoad (8ms)
				EditorAssembliesLoaded (0ms)
			ExecutionOrderSort2 (0ms)
			AwakeInstancesAfterBackupRestoration (12ms)
Platform modules already initialized, skipping
Refreshing native plugins compatible for Editor in 0.75 ms, found 2 plugins.
Preloading 0 native plugins for Editor in 0.00 ms.
Unloading 2158 Unused Serialized files (Serialized files now loaded: 0)
System memory in use before: 105.4 MB.
System memory in use after: 105.5 MB.

Unloading 49 unused Assets to reduce memory usage. Loaded Objects now: 2611.
Total: 11.752400 ms (FindLiveObjects: 0.183800 ms CreateObjectMapping: 0.090300 ms MarkObjects: 11.374200 ms  DeleteObjects: 0.101100 ms)

AssetImportParameters requested are different than current active one (requested -> active):
  custom:framework-win-MediaFoundation: 216162199b28c13a410421893ffa2e32 -> 
  custom:video-decoder-ogg-theora: a1e56fd34408186e4bbccfd4996cb3dc -> 
  custom:container-muxer-webm: aa71ff27fc2769a1b78a27578f13a17b -> 
  custom:container-demuxer-webm: 4f35f7cbe854078d1ac9338744f61a02 -> 
  custom:container-demuxer-ogg: 62fdf1f143b41e24485cea50d1cbac27 -> 
  custom:video-encoder-webm-vp8: eb34c28f22e8b96e1ab97ce403110664 -> 
  custom:video-codec-MediaFoundation-h265: 746d11721c4dcdbdad8f713fa42b33f4 -> 
  custom:video-decoder-webm-vp8: 9c59270c3fd7afecdb556c50c9e8de78 -> 
  custom:audio-decoder-ogg-vorbis: bf7c407c2cedff20999df2af8eb42d56 -> 
  custom:audio-encoder-webm-vorbis: bf7c407c2cedff20999df2af8eb42d56 -> 
========================================================================
Received Import Request.
  Time since last request: 10.423970 seconds.
  path: Assets/Enemy/FlyFolder/ringo.prefab
  artifactKey: Guid(4a60c2170442a9f478561fe05c237573) Importer(815301076,1909f56bfc062723c751e8b465ee728b)
Start importing Assets/Enemy/FlyFolder/ringo.prefab using Guid(4a60c2170442a9f478561fe05c237573) Importer(815301076,1909f56bfc062723c751e8b465ee728b)  -> (artifact id: '444899a7b3bcfadd8c45484a9a88aa72') in 0.152512 seconds 
========================================================================
Received Import Request.
  Time since last request: 0.000440 seconds.
  path: Assets/Enemy/FlyFolder/patapataEnemy.prefab
  artifactKey: Guid(0a48ae40a7806ef4c8f455f0e9f38f86) Importer(815301076,1909f56bfc062723c751e8b465ee728b)
Start importing Assets/Enemy/FlyFolder/patapataEnemy.prefab using Guid(0a48ae40a7806ef4c8f455f0e9f38f86) Importer(815301076,1909f56bfc062723c751e8b465ee728b)  -> (artifact id: '26950494cc53cd10e9846e3d5ce0cdaf') in 0.022976 seconds 
========================================================================
Received Import Request.
  Time since last request: 35.152692 seconds.
  path: Assets/BS/Player/Player.cs
  artifactKey: Guid(b17b19ad5cccd6343b1d189f3bbbf6b8) Importer(815301076,1909f56bfc062723c751e8b465ee728b)
Start importing Assets/BS/Player/Player.cs using Guid(b17b19ad5cccd6343b1d189f3bbbf6b8) Importer(815301076,1909f56bfc062723c751e8b465ee728b)  -> (artifact id: 'ee6edd1ecf0da8731bbb63ca6a1387b3') in 0.007592 seconds 
========================================================================
Received Prepare
Registering precompiled user dll's ...
Registered in 0.021449 seconds.
Begin MonoManager ReloadAssembly
Native extension for WindowsStandalone target not found
Refreshing native plugins compatible for Editor in 0.78 ms, found 2 plugins.
Preloading 0 native plugins for Editor in 0.00 ms.
Mono: successfully reloaded assembly
- Completed reload, in  1.642 seconds
Domain Reload Profiling:
	ReloadAssembly (1643ms)
		BeginReloadAssembly (238ms)
			ExecutionOrderSort (0ms)
			DisableScriptedObjects (7ms)
			BackupInstance (0ms)
			ReleaseScriptingObjects (0ms)
			CreateAndSetChildDomain (66ms)
		EndReloadAssembly (1315ms)
			LoadAssemblies (190ms)
			RebuildTransferFunctionScriptingTraits (0ms)
			SetupTypeCache (419ms)
			ReleaseScriptCaches (1ms)
			RebuildScriptCaches (56ms)
			SetupLoadedEditorAssemblies (541ms)
				LogAssemblyErrors (0ms)
				InitializePlatformSupportModulesInManaged (5ms)
				SetLoadedEditorAssemblies (0ms)
				RefreshPlugins (1ms)
				BeforeProcessingInitializeOnLoad (81ms)
				ProcessInitializeOnLoadAttributes (339ms)
				ProcessInitializeOnLoadMethodAttributes (105ms)
				AfterProcessingInitializeOnLoad (8ms)
				EditorAssembliesLoaded (1ms)
			ExecutionOrderSort2 (0ms)
			AwakeInstancesAfterBackupRestoration (16ms)
Platform modules already initialized, skipping
Refreshing native plugins compatible for Editor in 0.84 ms, found 2 plugins.
Preloading 0 native plugins for Editor in 0.00 ms.
Unloading 2158 Unused Serialized files (Serialized files now loaded: 0)
System memory in use before: 105.4 MB.
System memory in use after: 105.6 MB.

Unloading 52 unused Assets to reduce memory usage. Loaded Objects now: 2615.
Total: 12.807500 ms (FindLiveObjects: 0.304900 ms CreateObjectMapping: 0.169200 ms MarkObjects: 12.283400 ms  DeleteObjects: 0.048200 ms)

AssetImportParameters requested are different than current active one (requested -> active):
  custom:framework-win-MediaFoundation: 216162199b28c13a410421893ffa2e32 -> 
  custom:video-decoder-ogg-theora: a1e56fd34408186e4bbccfd4996cb3dc -> 
  custom:container-muxer-webm: aa71ff27fc2769a1b78a27578f13a17b -> 
  custom:container-demuxer-webm: 4f35f7cbe854078d1ac9338744f61a02 -> 
  custom:container-demuxer-ogg: 62fdf1f143b41e24485cea50d1cbac27 -> 
  custom:video-encoder-webm-vp8: eb34c28f22e8b96e1ab97ce403110664 -> 
  custom:video-codec-MediaFoundation-h265: 746d11721c4dcdbdad8f713fa42b33f4 -> 
  custom:video-decoder-webm-vp8: 9c59270c3fd7afecdb556c50c9e8de78 -> 
  custom:audio-decoder-ogg-vorbis: bf7c407c2cedff20999df2af8eb42d56 -> 
  custom:audio-encoder-webm-vorbis: bf7c407c2cedff20999df2af8eb42d56 -> 
========================================================================
Received Prepare
Registering precompiled user dll's ...
Registered in 0.016481 seconds.
Begin MonoManager ReloadAssembly
Native extension for WindowsStandalone target not found
Refreshing native plugins compatible for Editor in 0.93 ms, found 2 plugins.
Preloading 0 native plugins for Editor in 0.00 ms.
Mono: successfully reloaded assembly
- Completed reload, in  1.554 seconds
Domain Reload Profiling:
	ReloadAssembly (1557ms)
		BeginReloadAssembly (199ms)
			ExecutionOrderSort (0ms)
			DisableScriptedObjects (12ms)
			BackupInstance (0ms)
			ReleaseScriptingObjects (0ms)
			CreateAndSetChildDomain (59ms)
		EndReloadAssembly (1275ms)
			LoadAssemblies (172ms)
			RebuildTransferFunctionScriptingTraits (0ms)
			SetupTypeCache (410ms)
			ReleaseScriptCaches (1ms)
			RebuildScriptCaches (46ms)
			SetupLoadedEditorAssemblies (545ms)
				LogAssemblyErrors (0ms)
				InitializePlatformSupportModulesInManaged (7ms)
				SetLoadedEditorAssemblies (3ms)
				RefreshPlugins (1ms)
				BeforeProcessingInitializeOnLoad (72ms)
				ProcessInitializeOnLoadAttributes (341ms)
				ProcessInitializeOnLoadMethodAttributes (111ms)
				AfterProcessingInitializeOnLoad (11ms)
				EditorAssembliesLoaded (0ms)
			ExecutionOrderSort2 (0ms)
			AwakeInstancesAfterBackupRestoration (8ms)
Platform modules already initialized, skipping
Refreshing native plugins compatible for Editor in 0.84 ms, found 2 plugins.
Preloading 0 native plugins for Editor in 0.00 ms.
Unloading 2158 Unused Serialized files (Serialized files now loaded: 0)
System memory in use before: 105.4 MB.
System memory in use after: 105.6 MB.

Unloading 49 unused Assets to reduce memory usage. Loaded Objects now: 2617.
Total: 8.646600 ms (FindLiveObjects: 0.184800 ms CreateObjectMapping: 0.168600 ms MarkObjects: 8.213300 ms  DeleteObjects: 0.078100 ms)

AssetImportParameters requested are different than current active one (requested -> active):
  custom:framework-win-MediaFoundation: 216162199b28c13a410421893ffa2e32 -> 
  custom:video-decoder-ogg-theora: a1e56fd34408186e4bbccfd4996cb3dc -> 
  custom:container-muxer-webm: aa71ff27fc2769a1b78a27578f13a17b -> 
  custom:container-demuxer-webm: 4f35f7cbe854078d1ac9338744f61a02 -> 
  custom:container-demuxer-ogg: 62fdf1f143b41e24485cea50d1cbac27 -> 
  custom:video-encoder-webm-vp8: eb34c28f22e8b96e1ab97ce403110664 -> 
  custom:video-codec-MediaFoundation-h265: 746d11721c4dcdbdad8f713fa42b33f4 -> 
  custom:video-decoder-webm-vp8: 9c59270c3fd7afecdb556c50c9e8de78 -> 
  custom:audio-decoder-ogg-vorbis: bf7c407c2cedff20999df2af8eb42d56 -> 
  custom:audio-encoder-webm-vorbis: bf7c407c2cedff20999df2af8eb42d56 -> 
========================================================================
Received Prepare
Registering precompiled user dll's ...
Registered in 0.012913 seconds.
Begin MonoManager ReloadAssembly
Native extension for WindowsStandalone target not found
Refreshing native plugins compatible for Editor in 0.67 ms, found 2 plugins.
Preloading 0 native plugins for Editor in 0.00 ms.
Mono: successfully reloaded assembly
- Completed reload, in  1.590 seconds
Domain Reload Profiling:
	ReloadAssembly (1591ms)
		BeginReloadAssembly (195ms)
			ExecutionOrderSort (0ms)
			DisableScriptedObjects (11ms)
			BackupInstance (0ms)
			ReleaseScriptingObjects (0ms)
			CreateAndSetChildDomain (43ms)
		EndReloadAssembly (1316ms)
			LoadAssemblies (183ms)
			RebuildTransferFunctionScriptingTraits (0ms)
			SetupTypeCache (432ms)
			ReleaseScriptCaches (1ms)
			RebuildScriptCaches (62ms)
			SetupLoadedEditorAssemblies (513ms)
				LogAssemblyErrors (0ms)
				InitializePlatformSupportModulesInManaged (7ms)
				SetLoadedEditorAssemblies (0ms)
				RefreshPlugins (1ms)
				BeforeProcessingInitializeOnLoad (71ms)
				ProcessInitializeOnLoadAttributes (333ms)
				ProcessInitializeOnLoadMethodAttributes (93ms)
				AfterProcessingInitializeOnLoad (8ms)
				EditorAssembliesLoaded (0ms)
			ExecutionOrderSort2 (0ms)
			AwakeInstancesAfterBackupRestoration (12ms)
Platform modules already initialized, skipping
Refreshing native plugins compatible for Editor in 0.78 ms, found 2 plugins.
Preloading 0 native plugins for Editor in 0.00 ms.
Unloading 2158 Unused Serialized files (Serialized files now loaded: 0)
System memory in use before: 105.5 MB.
System memory in use after: 105.7 MB.

Unloading 49 unused Assets to reduce memory usage. Loaded Objects now: 2619.
Total: 7.768600 ms (FindLiveObjects: 0.311300 ms CreateObjectMapping: 0.205600 ms MarkObjects: 7.177100 ms  DeleteObjects: 0.073400 ms)

AssetImportParameters requested are different than current active one (requested -> active):
  custom:framework-win-MediaFoundation: 216162199b28c13a410421893ffa2e32 -> 
  custom:video-decoder-ogg-theora: a1e56fd34408186e4bbccfd4996cb3dc -> 
  custom:container-muxer-webm: aa71ff27fc2769a1b78a27578f13a17b -> 
  custom:container-demuxer-webm: 4f35f7cbe854078d1ac9338744f61a02 -> 
  custom:container-demuxer-ogg: 62fdf1f143b41e24485cea50d1cbac27 -> 
  custom:video-encoder-webm-vp8: eb34c28f22e8b96e1ab97ce403110664 -> 
  custom:video-codec-MediaFoundation-h265: 746d11721c4dcdbdad8f713fa42b33f4 -> 
  custom:video-decoder-webm-vp8: 9c59270c3fd7afecdb556c50c9e8de78 -> 
  custom:audio-decoder-ogg-vorbis: bf7c407c2cedff20999df2af8eb42d56 -> 
  custom:audio-encoder-webm-vorbis: bf7c407c2cedff20999df2af8eb42d56 -> 
========================================================================
Received Prepare
Registering precompiled user dll's ...
Registered in 0.015350 seconds.
Begin MonoManager ReloadAssembly
Native extension for WindowsStandalone target not found
Refreshing native plugins compatible for Editor in 1.23 ms, found 2 plugins.
Preloading 0 native plugins for Editor in 0.00 ms.
Mono: successfully reloaded assembly
- Completed reload, in  1.674 seconds
Domain Reload Profiling:
	ReloadAssembly (1675ms)
		BeginReloadAssembly (212ms)
			ExecutionOrderSort (0ms)
			DisableScriptedObjects (7ms)
			BackupInstance (0ms)
			ReleaseScriptingObjects (0ms)
			CreateAndSetChildDomain (52ms)
		EndReloadAssembly (1358ms)
			LoadAssemblies (195ms)
			RebuildTransferFunctionScriptingTraits (0ms)
			SetupTypeCache (498ms)
			ReleaseScriptCaches (1ms)
			RebuildScriptCaches (54ms)
			SetupLoadedEditorAssemblies (531ms)
				LogAssemblyErrors (0ms)
				InitializePlatformSupportModulesInManaged (8ms)
				SetLoadedEditorAssemblies (0ms)
				RefreshPlugins (1ms)
				BeforeProcessingInitializeOnLoad (71ms)
				ProcessInitializeOnLoadAttributes (336ms)
				ProcessInitializeOnLoadMethodAttributes (102ms)
				AfterProcessingInitializeOnLoad (11ms)
				EditorAssembliesLoaded (0ms)
			ExecutionOrderSort2 (0ms)
			AwakeInstancesAfterBackupRestoration (10ms)
Platform modules already initialized, skipping
Refreshing native plugins compatible for Editor in 0.73 ms, found 2 plugins.
Preloading 0 native plugins for Editor in 0.00 ms.
Unloading 2158 Unused Serialized files (Serialized files now loaded: 0)
System memory in use before: 105.5 MB.
System memory in use after: 105.7 MB.

Unloading 49 unused Assets to reduce memory usage. Loaded Objects now: 2621.
Total: 7.687600 ms (FindLiveObjects: 0.199700 ms CreateObjectMapping: 0.089400 ms MarkObjects: 7.328400 ms  DeleteObjects: 0.067600 ms)

AssetImportParameters requested are different than current active one (requested -> active):
  custom:framework-win-MediaFoundation: 216162199b28c13a410421893ffa2e32 -> 
  custom:video-decoder-ogg-theora: a1e56fd34408186e4bbccfd4996cb3dc -> 
  custom:container-muxer-webm: aa71ff27fc2769a1b78a27578f13a17b -> 
  custom:container-demuxer-webm: 4f35f7cbe854078d1ac9338744f61a02 -> 
  custom:container-demuxer-ogg: 62fdf1f143b41e24485cea50d1cbac27 -> 
  custom:video-encoder-webm-vp8: eb34c28f22e8b96e1ab97ce403110664 -> 
  custom:video-codec-MediaFoundation-h265: 746d11721c4dcdbdad8f713fa42b33f4 -> 
  custom:video-decoder-webm-vp8: 9c59270c3fd7afecdb556c50c9e8de78 -> 
  custom:audio-decoder-ogg-vorbis: bf7c407c2cedff20999df2af8eb42d56 -> 
  custom:audio-encoder-webm-vorbis: bf7c407c2cedff20999df2af8eb42d56 -> 
========================================================================
Received Prepare
Registering precompiled user dll's ...
Registered in 0.014362 seconds.
Begin MonoManager ReloadAssembly
Native extension for WindowsStandalone target not found
Refreshing native plugins compatible for Editor in 0.90 ms, found 2 plugins.
Preloading 0 native plugins for Editor in 0.00 ms.
Mono: successfully reloaded assembly
- Completed reload, in  1.416 seconds
Domain Reload Profiling:
	ReloadAssembly (1416ms)
		BeginReloadAssembly (190ms)
			ExecutionOrderSort (0ms)
			DisableScriptedObjects (7ms)
			BackupInstance (0ms)
			ReleaseScriptingObjects (0ms)
			CreateAndSetChildDomain (42ms)
		EndReloadAssembly (1153ms)
			LoadAssemblies (177ms)
			RebuildTransferFunctionScriptingTraits (0ms)
			SetupTypeCache (358ms)
			ReleaseScriptCaches (1ms)
			RebuildScriptCaches (47ms)
			SetupLoadedEditorAssemblies (460ms)
				LogAssemblyErrors (0ms)
				InitializePlatformSupportModulesInManaged (5ms)
				SetLoadedEditorAssemblies (1ms)
				RefreshPlugins (1ms)
				BeforeProcessingInitializeOnLoad (67ms)
				ProcessInitializeOnLoadAttributes (293ms)
				ProcessInitializeOnLoadMethodAttributes (85ms)
				AfterProcessingInitializeOnLoad (8ms)
				EditorAssembliesLoaded (0ms)
			ExecutionOrderSort2 (0ms)
			AwakeInstancesAfterBackupRestoration (11ms)
Platform modules already initialized, skipping
Refreshing native plugins compatible for Editor in 0.70 ms, found 2 plugins.
Preloading 0 native plugins for Editor in 0.00 ms.
Unloading 2158 Unused Serialized files (Serialized files now loaded: 0)
System memory in use before: 105.5 MB.
System memory in use after: 105.7 MB.

Unloading 49 unused Assets to reduce memory usage. Loaded Objects now: 2623.
Total: 9.230400 ms (FindLiveObjects: 0.251200 ms CreateObjectMapping: 0.171700 ms MarkObjects: 8.729500 ms  DeleteObjects: 0.076600 ms)

AssetImportParameters requested are different than current active one (requested -> active):
  custom:framework-win-MediaFoundation: 216162199b28c13a410421893ffa2e32 -> 
  custom:video-decoder-ogg-theora: a1e56fd34408186e4bbccfd4996cb3dc -> 
  custom:container-muxer-webm: aa71ff27fc2769a1b78a27578f13a17b -> 
  custom:container-demuxer-webm: 4f35f7cbe854078d1ac9338744f61a02 -> 
  custom:container-demuxer-ogg: 62fdf1f143b41e24485cea50d1cbac27 -> 
  custom:video-encoder-webm-vp8: eb34c28f22e8b96e1ab97ce403110664 -> 
  custom:video-codec-MediaFoundation-h265: 746d11721c4dcdbdad8f713fa42b33f4 -> 
  custom:video-decoder-webm-vp8: 9c59270c3fd7afecdb556c50c9e8de78 -> 
  custom:audio-decoder-ogg-vorbis: bf7c407c2cedff20999df2af8eb42d56 -> 
  custom:audio-encoder-webm-vorbis: bf7c407c2cedff20999df2af8eb42d56 -> 
========================================================================
Received Prepare
Registering precompiled user dll's ...
Registered in 0.020149 seconds.
Begin MonoManager ReloadAssembly
Native extension for WindowsStandalone target not found
Refreshing native plugins compatible for Editor in 1.22 ms, found 2 plugins.
Preloading 0 native plugins for Editor in 0.00 ms.
Mono: successfully reloaded assembly
- Completed reload, in  1.429 seconds
Domain Reload Profiling:
	ReloadAssembly (1430ms)
		BeginReloadAssembly (179ms)
			ExecutionOrderSort (0ms)
			DisableScriptedObjects (8ms)
			BackupInstance (0ms)
			ReleaseScriptingObjects (0ms)
			CreateAndSetChildDomain (43ms)
		EndReloadAssembly (1171ms)
			LoadAssemblies (182ms)
			RebuildTransferFunctionScriptingTraits (0ms)
			SetupTypeCache (367ms)
			ReleaseScriptCaches (1ms)
			RebuildScriptCaches (48ms)
			SetupLoadedEditorAssemblies (479ms)
				LogAssemblyErrors (0ms)
				InitializePlatformSupportModulesInManaged (7ms)
				SetLoadedEditorAssemblies (1ms)
				RefreshPlugins (1ms)
				BeforeProcessingInitializeOnLoad (70ms)
				ProcessInitializeOnLoadAttributes (301ms)
				ProcessInitializeOnLoadMethodAttributes (92ms)
				AfterProcessingInitializeOnLoad (8ms)
				EditorAssembliesLoaded (0ms)
			ExecutionOrderSort2 (0ms)
			AwakeInstancesAfterBackupRestoration (11ms)
Platform modules already initialized, skipping
Refreshing native plugins compatible for Editor in 0.73 ms, found 2 plugins.
Preloading 0 native plugins for Editor in 0.00 ms.
Unloading 2158 Unused Serialized files (Serialized files now loaded: 0)
System memory in use before: 105.6 MB.
System memory in use after: 105.7 MB.

Unloading 49 unused Assets to reduce memory usage. Loaded Objects now: 2625.
Total: 8.407700 ms (FindLiveObjects: 0.167900 ms CreateObjectMapping: 0.082800 ms MarkObjects: 8.126000 ms  DeleteObjects: 0.029800 ms)

AssetImportParameters requested are different than current active one (requested -> active):
  custom:framework-win-MediaFoundation: 216162199b28c13a410421893ffa2e32 -> 
  custom:video-decoder-ogg-theora: a1e56fd34408186e4bbccfd4996cb3dc -> 
  custom:container-muxer-webm: aa71ff27fc2769a1b78a27578f13a17b -> 
  custom:container-demuxer-webm: 4f35f7cbe854078d1ac9338744f61a02 -> 
  custom:container-demuxer-ogg: 62fdf1f143b41e24485cea50d1cbac27 -> 
  custom:video-encoder-webm-vp8: eb34c28f22e8b96e1ab97ce403110664 -> 
  custom:video-codec-MediaFoundation-h265: 746d11721c4dcdbdad8f713fa42b33f4 -> 
  custom:video-decoder-webm-vp8: 9c59270c3fd7afecdb556c50c9e8de78 -> 
  custom:audio-decoder-ogg-vorbis: bf7c407c2cedff20999df2af8eb42d56 -> 
  custom:audio-encoder-webm-vorbis: bf7c407c2cedff20999df2af8eb42d56 -> 
========================================================================
Received Import Request.
  Time since last request: 767.039094 seconds.
  path: Assets/BS/GameObject.prefab
  artifactKey: Guid(dd1e4372e34784d45badfb5ec8f7c6fe) Importer(815301076,1909f56bfc062723c751e8b465ee728b)
Start importing Assets/BS/GameObject.prefab using Guid(dd1e4372e34784d45badfb5ec8f7c6fe) Importer(815301076,1909f56bfc062723c751e8b465ee728b)  -> (artifact id: '95661b6a2d3a9aa479d710134cd65122') in 0.061384 seconds 
========================================================================
Received Import Request.
  Time since last request: 24.034134 seconds.
  path: Assets/BS/kanban.prefab
  artifactKey: Guid(dd1e4372e34784d45badfb5ec8f7c6fe) Importer(815301076,1909f56bfc062723c751e8b465ee728b)
Start importing Assets/BS/kanban.prefab using Guid(dd1e4372e34784d45badfb5ec8f7c6fe) Importer(815301076,1909f56bfc062723c751e8b465ee728b)  -> (artifact id: '53d98b272ef5018a3bd2d7fcd70209c9') in 0.023294 seconds 
========================================================================
Received Import Request.
  Time since last request: 227.457588 seconds.
  path: Assets/BS/stage
  artifactKey: Guid(8fc739d64d0aaa04dbb86c99f2e01287) Importer(815301076,1909f56bfc062723c751e8b465ee728b)
Start importing Assets/BS/stage using Guid(8fc739d64d0aaa04dbb86c99f2e01287) Importer(815301076,1909f56bfc062723c751e8b465ee728b)  -> (artifact id: '9ca6517321c1c2a185cbe35348ce2e58') in 0.010440 seconds 
========================================================================
Received Import Request.
  Time since last request: 0.069194 seconds.
  path: Assets/BS/stage/New stage.prefab
  artifactKey: Guid(d4145cad9520dc64e9354a06c5205861) Importer(815301076,1909f56bfc062723c751e8b465ee728b)
Start importing Assets/BS/stage/New stage.prefab using Guid(d4145cad9520dc64e9354a06c5205861) Importer(815301076,1909f56bfc062723c751e8b465ee728b)  -> (artifact id: '3dfad793c71d68e4b1be5a8bad46f901') in 0.069219 seconds 
========================================================================
Received Import Request.
  Time since last request: 28.851922 seconds.
  path: Assets/background/20210913.jpg
  artifactKey: Guid(957ec2b1054888c44a6812e7d11b45d6) Importer(815301076,1909f56bfc062723c751e8b465ee728b)
Start importing Assets/background/20210913.jpg using Guid(957ec2b1054888c44a6812e7d11b45d6) Importer(815301076,1909f56bfc062723c751e8b465ee728b)  -> (artifact id: '8cf61d28e333960e9279dcf6b00e1e21') in 0.132419 seconds 
========================================================================
Received Import Request.
  Time since last request: 0.000362 seconds.
  path: Assets/background/Back.jpg
  artifactKey: Guid(2af6483e0a7c98d4b91a7128d0f17d94) Importer(815301076,1909f56bfc062723c751e8b465ee728b)
Start importing Assets/background/Back.jpg using Guid(2af6483e0a7c98d4b91a7128d0f17d94) Importer(815301076,1909f56bfc062723c751e8b465ee728b)  -> (artifact id: '559a2f2ad538bee6296294a4b9db47e3') in 0.038681 seconds 
========================================================================
Received Import Request.
  Time since last request: 0.000349 seconds.
  path: Assets/background/.jpg
  artifactKey: Guid(131ed32d15fa131408b20a262a628328) Importer(815301076,1909f56bfc062723c751e8b465ee728b)
Start importing Assets/background/.jpg using Guid(131ed32d15fa131408b20a262a628328) Importer(815301076,1909f56bfc062723c751e8b465ee728b)  -> (artifact id: '190a4b7b8518bfbbfad7bc163de8f9dd') in 0.084019 seconds 
========================================================================
Received Import Request.
  Time since last request: 0.000237 seconds.
  path: Assets/background/Test.png
  artifactKey: Guid(d2fb3e77528c52946be6b993e365d2db) Importer(815301076,1909f56bfc062723c751e8b465ee728b)
Start importing Assets/background/Test.png using Guid(d2fb3e77528c52946be6b993e365d2db) Importer(815301076,1909f56bfc062723c751e8b465ee728b)  -> (artifact id: '7fa3d87c79396c4dd2552bca6fa423b6') in 0.044522 seconds 
========================================================================
Received Import Request.
  Time since last request: 2.310887 seconds.
  path: Assets/background/Result Back
  artifactKey: Guid(86f3f605dc5ac5a41a90f0f5e2bac5b6) Importer(815301076,1909f56bfc062723c751e8b465ee728b)
Start importing Assets/background/Result Back using Guid(86f3f605dc5ac5a41a90f0f5e2bac5b6) Importer(815301076,1909f56bfc062723c751e8b465ee728b)  -> (artifact id: '479acb1aceeaf446ce1854bed3a7df06') in 0.011033 seconds 
========================================================================
Received Import Request.
  Time since last request: 0.053086 seconds.
  path: Assets/background/Result Back/clear.JPG
  artifactKey: Guid(b5eae1249c040a3418dedf48e1483934) Importer(815301076,1909f56bfc062723c751e8b465ee728b)
Start importing Assets/background/Result Back/clear.JPG using Guid(b5eae1249c040a3418dedf48e1483934) Importer(815301076,1909f56bfc062723c751e8b465ee728b)  -> (artifact id: '17a2c75c3f5a0980d34c51f559a51ab0') in 0.030458 seconds 
========================================================================
Received Import Request.
  Time since last request: 0.000253 seconds.
  path: Assets/background/Result Back/game_over.JPG
  artifactKey: Guid(d90d3722842748244a6929ea2d9b2ce0) Importer(815301076,1909f56bfc062723c751e8b465ee728b)
Start importing Assets/background/Result Back/game_over.JPG using Guid(d90d3722842748244a6929ea2d9b2ce0) Importer(815301076,1909f56bfc062723c751e8b465ee728b)  -> (artifact id: 'd97e0be12e5d5e2f9eb8fc904e4f2791') in 0.033932 seconds 
========================================================================
Received Import Request.
  Time since last request: 0.000556 seconds.
  path: Assets/background/Result Back/over02.jpg
  artifactKey: Guid(e7fc045cde522e04b95cbc974f3e3cfa) Importer(815301076,1909f56bfc062723c751e8b465ee728b)
Start importing Assets/background/Result Back/over02.jpg using Guid(e7fc045cde522e04b95cbc974f3e3cfa) Importer(815301076,1909f56bfc062723c751e8b465ee728b)  -> (artifact id: '1e5e6cca5c748bcbff76cb1ff6cda566') in 0.043372 seconds 
========================================================================
Received Import Request.
  Time since last request: 0.000396 seconds.
  path: Assets/background/Result Back/clear02.jpg
  artifactKey: Guid(1379cad82563805458e3e43401f86d26) Importer(815301076,1909f56bfc062723c751e8b465ee728b)
Start importing Assets/background/Result Back/clear02.jpg using Guid(1379cad82563805458e3e43401f86d26) Importer(815301076,1909f56bfc062723c751e8b465ee728b)  -> (artifact id: 'd77eb10dba59a7b2e7943c34bd6d775d') in 0.037847 seconds 
========================================================================
Received Import Request.
  Time since last request: 2.135762 seconds.
  path: Assets/background/2D_Objects
  artifactKey: Guid(2acd01da61e144d4b9642f698cbb7b76) Importer(815301076,1909f56bfc062723c751e8b465ee728b)
Start importing Assets/background/2D_Objects using Guid(2acd01da61e144d4b9642f698cbb7b76) Importer(815301076,1909f56bfc062723c751e8b465ee728b)  -> (artifact id: 'b06c8d07e120ad8962e9c0358e7527b8') in 0.012446 seconds 
========================================================================
Received Import Request.
  Time since last request: 0.168400 seconds.
  path: Assets/background/2D_Objects/Flower .png
  artifactKey: Guid(c7452c0719bae324ba5e0449a8e39f9f) Importer(815301076,1909f56bfc062723c751e8b465ee728b)
Start importing Assets/background/2D_Objects/Flower .png using Guid(c7452c0719bae324ba5e0449a8e39f9f) Importer(815301076,1909f56bfc062723c751e8b465ee728b)  -> (artifact id: '95b72aa0a90591043b9c626713e24146') in 0.043661 seconds 
========================================================================
Received Import Request.
  Time since last request: 0.000339 seconds.
  path: Assets/background/2D_Objects/Grass.png
  artifactKey: Guid(56eb22172d142a544a1d5934c379aeb0) Importer(815301076,1909f56bfc062723c751e8b465ee728b)
Start importing Assets/background/2D_Objects/Grass.png using Guid(56eb22172d142a544a1d5934c379aeb0) Importer(815301076,1909f56bfc062723c751e8b465ee728b)  -> (artifact id: '626c956011c49ea26c4bfc5e6eca9fb7') in 0.050229 seconds 
========================================================================
Received Import Request.
  Time since last request: 0.000652 seconds.
  path: Assets/background/2D_Objects/Sign.png
  artifactKey: Guid(fc2d9d3b74df2b64a822174bdc412bd2) Importer(815301076,1909f56bfc062723c751e8b465ee728b)
Start importing Assets/background/2D_Objects/Sign.png using Guid(fc2d9d3b74df2b64a822174bdc412bd2) Importer(815301076,1909f56bfc062723c751e8b465ee728b)  -> (artifact id: '632e06c5aa2a7a2c5ecc796ef6d2d70e') in 0.041565 seconds 
========================================================================
Received Import Request.
  Time since last request: 0.000303 seconds.
  path: Assets/background/2D_Objects/Tree.png
  artifactKey: Guid(5ccb73bcb2f33b4479a1c89ab75e6f35) Importer(815301076,1909f56bfc062723c751e8b465ee728b)
Start importing Assets/background/2D_Objects/Tree.png using Guid(5ccb73bcb2f33b4479a1c89ab75e6f35) Importer(815301076,1909f56bfc062723c751e8b465ee728b)  -> (artifact id: 'a8895cb75ca80e1a45d549f4bea453bb') in 0.057087 seconds 
========================================================================
Received Import Request.
  Time since last request: 0.666128 seconds.
  path: Assets/background/2D_Objects/Materials
  artifactKey: Guid(24edb294c32a99644be0e5b19b7f9999) Importer(815301076,1909f56bfc062723c751e8b465ee728b)
Start importing Assets/background/2D_Objects/Materials using Guid(24edb294c32a99644be0e5b19b7f9999) Importer(815301076,1909f56bfc062723c751e8b465ee728b)  -> (artifact id: '55b5c4118cf87f5f689197fd59598a76') in 0.008922 seconds 
========================================================================
Received Import Request.
  Time since last request: 0.194486 seconds.
  path: Assets/background/2D_Objects/Materials/Grass.mat
  artifactKey: Guid(2d0a0c87ff22f124fa779d0bd2d81e87) Importer(815301076,1909f56bfc062723c751e8b465ee728b)
Start importing Assets/background/2D_Objects/Materials/Grass.mat using Guid(2d0a0c87ff22f124fa779d0bd2d81e87) Importer(815301076,1909f56bfc062723c751e8b465ee728b)  -> (artifact id: '47f3e4f20a7e8d343a1a937d9767a493') in 0.067074 seconds 
========================================================================
Received Import Request.
  Time since last request: 55.476719 seconds.
  path: Assets/stagfolder
  artifactKey: Guid(97194e69d9be7e441a68e26728ce2654) Importer(815301076,1909f56bfc062723c751e8b465ee728b)
Start importing Assets/stagfolder using Guid(97194e69d9be7e441a68e26728ce2654) Importer(815301076,1909f56bfc062723c751e8b465ee728b)  -> (artifact id: 'ff3623ab136119e2132a13c6e101b8bc') in 0.009347 seconds 
========================================================================
Received Import Request.
  Time since last request: 1.107193 seconds.
  path: Assets/stagfolder/Stage1.prefab
  artifactKey: Guid(4c20e9280429b0d4892d2ce2cccbf27c) Importer(815301076,1909f56bfc062723c751e8b465ee728b)
Start importing Assets/stagfolder/Stage1.prefab using Guid(4c20e9280429b0d4892d2ce2cccbf27c) Importer(815301076,1909f56bfc062723c751e8b465ee728b)  -> (artifact id: '007a8a6fa62c15c97ad3360dc4fb5d76') in 0.023593 seconds 
========================================================================
Received Import Request.
  Time since last request: 110.757038 seconds.
  path: Assets/BS/Sign.prefab
  artifactKey: Guid(ac476b2faa99cc84992c516f323299e6) Importer(815301076,1909f56bfc062723c751e8b465ee728b)
Start importing Assets/BS/Sign.prefab using Guid(ac476b2faa99cc84992c516f323299e6) Importer(815301076,1909f56bfc062723c751e8b465ee728b)  -> (artifact id: '5808ded17f49112da2edf609a2132a36') in 0.026753 seconds 
AssetImportWorkerClient::OnTransportError - code=2 error=End of file
